<?xml version="1.0" encoding="UTF-8"?>
<!-- Generated by org.testng.reporters.JUnitReportReporter -->
<testsuite skipped="0" hostname="DESKTOP-63EJNAH" name="tests.TestDemo" tests="1" failures="0" timestamp="2022-03-15T00:57:13 ICT" time="52.800" errors="0">
  <testcase name="testDemo1" time="52.800" classname="tests.TestDemo"/>
  <system-out/>
</testsuite> <!-- tests.TestDemo -->
